    1  cd server_lesson
    2  ls/usr
    3  pwd
    4  cd /usr
    5  ls
    6  cd /root
    7  ls
    8  cd server_lesson
    9  ls
   10  ls /linux_practice2
   11  ls linux_practice2
   12  ls trash
   13  mv documents/gizumo_{20..40}.md trash/gizumo_{20..40}.md
   14  ls documents
   15  cd linux_practice2
   16  ls documents
   17  ls
   18  dir
   19  mv documents/gizumo_{20..40}.md trash
   20  cd trash
   21  ls
   22  cd /linux_practice2
   23  cd /root
   24  cd server_lesson
   25  cd linux_practice2
   26  touch .gitignore
   27  vi .gitignore
   28  rm .gitignore
   29  ls
   30  touch linux_practice2/.gitignore
   31  ls
   32  cd root
   33  cd /root
   34  cd server_lesson
   35  ls
   36  touch linux_practice2/.gitignore
   37  ls
   38  ls linux_practice2
   39  touch linux_practice2/.gitignore
   40  ls
   41  ls linux_practice2
   42  ls linux_practice2/documents
   43  ls linux_practice2/trash
   44  vi .gitignore
   45  history 300
   46  history 300 -a exec_command.log
   47  history 300 > exec_command.log
